<?xml version="1.0" encoding="UTF-8"?>
<testsuite name="is.ru.stringcalculator.StringCalculatorTest" tests="2" skipped="0" failures="0" errors="0" timestamp="2017-10-14T12:01:51" hostname="DESKTOP-A0JH31R" time="0.004">
  <properties/>
  <testcase name="testEmptyString" classname="is.ru.stringcalculator.StringCalculatorTest" time="0.003"/>
  <testcase name="testNegativeNumbers" classname="is.ru.stringcalculator.StringCalculatorTest" time="0.001"/>
  <system-out><![CDATA[]]></system-out>
  <system-err><![CDATA[]]></system-err>
</testsuite>
